TN:
SF:src\modules\appointments\services\CreateAppointmentService.ts
FN:46,__decorate
FN:46,__metadata
FN:46,__param
FN:46,__awaiter
FN:46,adopt
FN:46,fulfilled
FN:46,rejected
FN:46,step
FN:46,__generator
FN:46,sent
FN:46,g.<computed>
FN:46,verb
FN:46,step
FN:46,__importDefault
FN:18,CreateAppointmentService
FN:23,CreateAppointmentService.execute
FNF:16
FNH:14
FNDA:1,__decorate
FNDA:1,__metadata
FNDA:1,__param
FNDA:3,__awaiter
FNDA:3,adopt
FNDA:3,fulfilled
FNDA:0,rejected
FNDA:5,step
FNDA:3,__generator
FNDA:3,sent
FNDA:0,g.<computed>
FNDA:9,verb
FNDA:6,step
FNDA:1,__importDefault
FNDA:2,CreateAppointmentService
FNDA:3,CreateAppointmentService.execute
DA:1,1
DA:2,1
DA:3,1
DA:4,1
DA:5,1
DA:6,1
DA:7,1
DA:8,1
DA:9,1
DA:10,1
DA:11,1
DA:12,1
DA:13,1
DA:14,1
DA:15,1
DA:16,1
DA:17,1
DA:18,1
DA:19,2
DA:20,2
DA:21,2
DA:22,1
DA:23,1
DA:24,3
DA:25,3
DA:26,3
DA:27,3
DA:28,3
DA:29,3
DA:30,3
DA:31,3
DA:32,3
DA:33,3
DA:34,1
DA:35,1
DA:36,2
DA:37,2
DA:38,2
DA:39,2
DA:40,2
DA:41,2
DA:42,2
DA:43,3
DA:44,1
DA:45,1
DA:46,1
LF:46
LH:46
BRDA:46,0,0,1
BRDA:46,1,0,1
BRDA:46,2,0,0
BRDA:46,3,0,0
BRDA:46,4,0,0
BRDA:46,5,0,0
BRDA:46,6,0,1
BRDA:46,7,0,1
BRDA:46,8,0,1
BRDA:46,9,0,3
BRDA:46,10,0,3
BRDA:46,11,0,0
BRDA:46,12,0,3
BRDA:46,13,0,3
BRDA:46,14,0,2
BRDA:46,15,0,1
BRDA:46,16,0,5
BRDA:46,17,0,2
BRDA:46,18,0,3
BRDA:46,19,0,3
BRDA:46,20,0,3
BRDA:46,21,0,0
BRDA:46,22,0,9
BRDA:46,23,0,6
BRDA:46,24,0,6
BRDA:46,25,0,0
BRDA:46,26,0,12
BRDA:46,27,0,0
BRDA:46,28,0,0
BRDA:46,29,0,0
BRDA:46,30,0,0
BRDA:46,31,0,6
BRDA:46,32,0,6
BRDA:46,33,0,3
BRDA:46,34,0,0
BRDA:46,35,0,0
BRDA:46,36,0,3
BRDA:46,37,0,0
BRDA:46,38,0,2
BRDA:46,39,0,0
BRDA:46,40,0,0
BRDA:46,41,0,0
BRDA:46,42,0,0
BRDA:46,43,0,6
BRDA:46,44,0,5
BRDA:46,45,0,1
BRDA:46,46,0,6
BRDA:46,47,0,3
BRDA:46,48,0,1
BRDA:46,49,0,2
BRDA:46,50,0,0
BRDA:46,51,0,1
BRDA:46,52,0,0
BRDA:17,53,0,1
BRDA:18,54,0,2
BRDA:23,55,0,3
BRDA:46,56,0,3
BRDA:46,57,0,6
BRDA:46,58,0,3
BRDA:46,59,0,3
BRDA:33,60,0,1
BRDA:35,61,0,2
BRF:62
BRH:42
end_of_record
TN:
SF:src\modules\appointments\services\ListProvidersService.ts
FN:23,__decorate
FN:23,__metadata
FN:23,__param
FN:23,__awaiter
FN:23,adopt
FN:23,fulfilled
FN:23,rejected
FN:23,step
FN:23,__generator
FN:23,sent
FN:23,g.<computed>
FN:23,verb
FN:23,step
FN:11,ListProvidersService
FN:16,ListProvidersService.execute
FNF:15
FNH:10
FNDA:1,__decorate
FNDA:1,__metadata
FNDA:1,__param
FNDA:1,__awaiter
FNDA:0,adopt
FNDA:0,fulfilled
FNDA:0,rejected
FNDA:1,step
FNDA:1,__generator
FNDA:0,sent
FNDA:0,g.<computed>
FNDA:3,verb
FNDA:1,step
FNDA:1,ListProvidersService
FNDA:1,ListProvidersService.execute
DA:1,1
DA:2,1
DA:3,1
DA:4,1
DA:5,1
DA:6,1
DA:7,1
DA:8,1
DA:9,1
DA:10,1
DA:11,1
DA:12,1
DA:13,1
DA:14,1
DA:15,1
DA:16,1
DA:17,1
DA:18,1
DA:19,1
DA:20,1
DA:21,1
DA:22,1
DA:23,1
LF:23
LH:23
BRDA:23,0,0,1
BRDA:23,1,0,1
BRDA:23,2,0,0
BRDA:23,3,0,0
BRDA:23,4,0,0
BRDA:23,5,0,0
BRDA:23,6,0,1
BRDA:23,7,0,1
BRDA:23,8,0,1
BRDA:23,9,0,1
BRDA:23,10,0,1
BRDA:23,11,0,1
BRDA:23,12,0,0
BRDA:23,13,0,1
BRDA:23,14,0,3
BRDA:23,15,0,1
BRDA:23,16,0,1
BRDA:23,17,0,0
BRDA:23,18,0,2
BRDA:23,19,0,0
BRDA:23,20,0,0
BRDA:23,21,0,0
BRDA:23,22,0,0
BRDA:23,23,0,1
BRDA:23,24,0,1
BRDA:23,25,0,0
BRDA:23,26,0,0
BRDA:23,27,0,0
BRDA:23,28,0,1
BRDA:23,29,0,0
BRDA:23,30,0,0
BRDA:23,31,0,0
BRDA:23,32,0,0
BRDA:23,33,0,0
BRDA:23,34,0,1
BRDA:23,35,0,0
BRDA:23,36,0,1
BRDA:23,37,0,0
BRDA:23,38,0,0
BRDA:10,39,0,1
BRDA:11,40,0,1
BRDA:16,41,0,1
BRDA:23,42,0,1
BRDA:23,43,0,1
BRF:44
BRH:23
end_of_record
TN:
SF:src\modules\users\services\AuthenticateUserService.ts
FN:59,__decorate
FN:59,__metadata
FN:59,__param
FN:59,__awaiter
FN:59,adopt
FN:59,fulfilled
FN:59,rejected
FN:59,step
FN:59,__generator
FN:59,sent
FN:59,g.<computed>
FN:59,verb
FN:59,step
FN:59,__importDefault
FN:21,AuthenticateUserService
FN:29,AuthenticateUserService.execute
FNF:16
FNH:14
FNDA:1,__decorate
FNDA:1,__metadata
FNDA:2,__param
FNDA:4,__awaiter
FNDA:6,adopt
FNDA:6,fulfilled
FNDA:0,rejected
FNDA:7,step
FNDA:4,__generator
FNDA:6,sent
FNDA:0,g.<computed>
FNDA:12,verb
FNDA:10,step
FNDA:2,__importDefault
FNDA:3,AuthenticateUserService
FNDA:4,AuthenticateUserService.execute
DA:1,1
DA:2,1
DA:3,1
DA:4,1
DA:5,1
DA:6,1
DA:7,1
DA:8,1
DA:9,1
DA:10,1
DA:11,1
DA:12,1
DA:13,1
DA:14,1
DA:15,1
DA:16,1
DA:17,1
DA:18,1
DA:19,1
DA:20,1
DA:21,1
DA:22,3
DA:23,3
DA:24,3
DA:25,3
DA:26,3
DA:27,3
DA:28,1
DA:29,1
DA:30,4
DA:31,4
DA:32,4
DA:33,2
DA:34,2
DA:35,2
DA:36,2
DA:37,2
DA:38,2
DA:39,2
DA:40,4
DA:41,4
DA:42,1
DA:43,1
DA:44,1
DA:45,1
DA:46,1
DA:47,1
DA:48,1
DA:49,1
DA:50,1
DA:51,1
DA:52,1
DA:53,1
DA:54,1
DA:55,1
DA:56,4
DA:57,1
DA:58,1
DA:59,1
LF:59
LH:59
BRDA:59,0,0,1
BRDA:59,1,0,1
BRDA:59,2,0,0
BRDA:59,3,0,0
BRDA:59,4,0,0
BRDA:59,5,0,0
BRDA:59,6,0,1
BRDA:59,7,0,2
BRDA:59,8,0,2
BRDA:59,9,0,4
BRDA:59,10,0,6
BRDA:59,11,0,0
BRDA:59,12,0,4
BRDA:59,13,0,6
BRDA:59,14,0,3
BRDA:59,15,0,7
BRDA:59,16,0,1
BRDA:59,17,0,6
BRDA:59,18,0,4
BRDA:59,19,0,6
BRDA:59,20,0,0
BRDA:59,21,0,12
BRDA:59,22,0,10
BRDA:59,23,0,10
BRDA:59,24,0,0
BRDA:59,25,0,20
BRDA:59,26,0,0
BRDA:59,27,0,0
BRDA:59,28,0,0
BRDA:59,29,0,0
BRDA:59,30,0,10
BRDA:59,31,0,10
BRDA:59,32,0,6
BRDA:59,33,0,0
BRDA:59,34,0,0
BRDA:59,35,0,4
BRDA:59,36,0,0
BRDA:59,37,0,1
BRDA:59,38,0,0
BRDA:59,39,0,0
BRDA:59,40,0,0
BRDA:59,41,0,0
BRDA:59,42,0,10
BRDA:59,43,0,7
BRDA:59,44,0,3
BRDA:59,45,0,10
BRDA:59,46,0,4
BRDA:59,47,0,3
BRDA:59,48,0,1
BRDA:59,49,0,0
BRDA:59,50,0,2
BRDA:59,51,0,0
BRDA:20,52,0,1
BRDA:21,53,0,3
BRDA:29,54,0,4
BRDA:59,55,0,4
BRDA:59,56,0,10
BRDA:30,57,0,4
BRDA:59,58,0,4
BRDA:32,59,0,2
BRDA:59,60,0,2
BRDA:41,61,0,1
BRF:62
BRH:42
end_of_record
TN:
SF:src\modules\users\services\CreateUserService.ts
FN:43,__decorate
FN:43,__metadata
FN:43,__param
FN:43,__awaiter
FN:43,adopt
FN:43,fulfilled
FN:43,rejected
FN:43,step
FN:43,__generator
FN:43,sent
FN:43,g.<computed>
FN:43,verb
FN:43,step
FN:43,__importDefault
FN:16,CreateUserService
FN:24,CreateUserService.execute
FNF:16
FNH:14
FNDA:2,__decorate
FNDA:2,__metadata
FNDA:4,__param
FNDA:5,__awaiter
FNDA:9,adopt
FNDA:9,fulfilled
FNDA:0,rejected
FNDA:13,step
FNDA:5,__generator
FNDA:9,sent
FNDA:0,g.<computed>
FNDA:15,verb
FNDA:14,step
FNDA:2,__importDefault
FNDA:4,CreateUserService
FNDA:5,CreateUserService.execute
DA:1,1
DA:2,1
DA:3,1
DA:4,1
DA:5,1
DA:6,1
DA:7,1
DA:8,1
DA:9,1
DA:10,1
DA:11,1
DA:12,1
DA:13,1
DA:14,1
DA:15,2
DA:16,2
DA:17,4
DA:18,4
DA:19,4
DA:20,4
DA:21,4
DA:22,4
DA:23,2
DA:24,2
DA:25,5
DA:26,5
DA:27,5
DA:28,1
DA:29,1
DA:30,4
DA:31,4
DA:32,5
DA:33,5
DA:34,5
DA:35,5
DA:36,5
DA:37,5
DA:38,5
DA:39,5
DA:40,5
DA:41,2
DA:42,1
DA:43,1
LF:43
LH:43
BRDA:43,0,0,2
BRDA:43,1,0,2
BRDA:43,2,0,0
BRDA:43,3,0,0
BRDA:43,4,0,0
BRDA:43,5,0,0
BRDA:43,6,0,2
BRDA:43,7,0,4
BRDA:43,8,0,4
BRDA:43,9,0,5
BRDA:43,10,0,9
BRDA:43,11,0,0
BRDA:43,12,0,5
BRDA:43,13,0,9
BRDA:43,14,0,8
BRDA:43,15,0,1
BRDA:43,16,0,13
BRDA:43,17,0,4
BRDA:43,18,0,9
BRDA:43,19,0,5
BRDA:43,20,0,9
BRDA:43,21,0,0
BRDA:43,22,0,15
BRDA:43,23,0,14
BRDA:43,24,0,14
BRDA:43,25,0,0
BRDA:43,26,0,28
BRDA:43,27,0,0
BRDA:43,28,0,0
BRDA:43,29,0,0
BRDA:43,30,0,0
BRDA:43,31,0,14
BRDA:43,32,0,14
BRDA:43,33,0,9
BRDA:43,34,0,0
BRDA:43,35,0,0
BRDA:43,36,0,5
BRDA:43,37,0,0
BRDA:43,38,0,4
BRDA:43,39,0,0
BRDA:43,40,0,0
BRDA:43,41,0,0
BRDA:43,42,0,0
BRDA:43,43,0,22
BRDA:43,44,0,14
BRDA:43,45,0,13
BRDA:43,46,0,1
BRDA:43,47,0,14
BRDA:43,48,0,5
BRDA:43,49,0,1
BRDA:43,50,0,4
BRDA:43,51,0,0
BRDA:43,52,0,2
BRDA:43,53,0,0
BRDA:15,54,0,2
BRDA:16,55,0,4
BRDA:24,56,0,5
BRDA:43,57,0,5
BRDA:43,58,0,14
BRDA:25,59,0,5
BRDA:43,60,0,5
BRDA:27,61,0,1
BRDA:29,62,0,4
BRDA:43,63,0,4
BRF:64
BRH:44
end_of_record
TN:
SF:src\modules\users\services\ResetPasswordService.ts
FN:45,__decorate
FN:45,__metadata
FN:45,__param
FN:45,__awaiter
FN:45,adopt
FN:45,fulfilled
FN:45,rejected
FN:45,step
FN:45,__generator
FN:45,sent
FN:45,g.<computed>
FN:45,verb
FN:45,step
FN:45,__importDefault
FN:15,ResetPasswordService
FN:26,ResetPasswordService.execute
FNF:16
FNH:14
FNDA:1,__decorate
FNDA:1,__metadata
FNDA:3,__param
FNDA:1,__awaiter
FNDA:4,adopt
FNDA:4,fulfilled
FNDA:0,rejected
FNDA:5,step
FNDA:1,__generator
FNDA:4,sent
FNDA:0,g.<computed>
FNDA:3,verb
FNDA:5,step
FNDA:1,__importDefault
FNDA:5,ResetPasswordService
FNDA:1,ResetPasswordService.execute
DA:1,1
DA:2,1
DA:3,1
DA:4,1
DA:5,1
DA:6,1
DA:7,1
DA:8,1
DA:9,1
DA:10,1
DA:11,1
DA:12,1
DA:13,1
DA:14,1
DA:15,1
DA:16,5
DA:17,5
DA:18,5
DA:19,5
DA:20,5
DA:21,5
DA:22,5
DA:23,5
DA:24,5
DA:25,1
DA:26,1
DA:27,1
DA:28,1
DA:29,1
DA:30,0
DA:31,0
DA:32,1
DA:33,1
DA:34,1
DA:35,1
DA:36,0
DA:37,0
DA:38,1
DA:39,1
DA:40,1
DA:41,1
DA:42,1
DA:43,1
DA:44,1
DA:45,1
LF:45
LH:41
BRDA:45,0,0,1
BRDA:45,1,0,1
BRDA:45,2,0,0
BRDA:45,3,0,0
BRDA:45,4,0,0
BRDA:45,5,0,0
BRDA:45,6,0,1
BRDA:45,7,0,3
BRDA:45,8,0,3
BRDA:45,9,0,1
BRDA:45,10,0,4
BRDA:45,11,0,0
BRDA:45,12,0,1
BRDA:45,13,0,4
BRDA:45,14,0,0
BRDA:45,15,0,5
BRDA:45,16,0,1
BRDA:45,17,0,4
BRDA:45,18,0,1
BRDA:45,19,0,4
BRDA:45,20,0,0
BRDA:45,21,0,3
BRDA:45,22,0,5
BRDA:45,23,0,5
BRDA:45,24,0,0
BRDA:45,25,0,10
BRDA:45,26,0,0
BRDA:45,27,0,0
BRDA:45,28,0,0
BRDA:45,29,0,0
BRDA:45,30,0,5
BRDA:45,31,0,5
BRDA:45,32,0,4
BRDA:45,33,0,0
BRDA:45,34,0,0
BRDA:45,35,0,1
BRDA:45,36,0,0
BRDA:45,37,0,0
BRDA:45,38,0,0
BRDA:45,39,0,0
BRDA:45,40,0,0
BRDA:45,41,0,5
BRDA:45,42,0,0
BRDA:45,43,0,5
BRDA:45,44,0,1
BRDA:45,45,0,0
BRDA:45,46,0,1
BRDA:45,47,0,0
BRDA:45,48,0,1
BRDA:45,49,0,0
BRDA:14,50,0,1
BRDA:15,51,0,5
BRDA:26,52,0,1
BRDA:45,53,0,1
BRDA:45,54,0,5
BRDA:27,55,0,1
BRDA:45,56,0,1
BRDA:29,57,0,0
BRDA:45,58,0,1
BRDA:35,59,0,0
BRDA:45,60,0,1
BRDA:45,61,0,1
BRF:62
BRH:37
end_of_record
TN:
SF:src\modules\users\services\SendForgotPasswordEmailService.ts
FN:59,__decorate
FN:59,__metadata
FN:59,__param
FN:59,__awaiter
FN:59,adopt
FN:59,fulfilled
FN:59,rejected
FN:59,step
FN:59,__generator
FN:59,sent
FN:59,g.<computed>
FN:59,verb
FN:59,step
FN:59,__importDefault
FN:15,SendForgotPasswordEmailService
FN:26,SendForgotPasswordEmailService.execute
FNF:16
FNH:14
FNDA:1,__decorate
FNDA:1,__metadata
FNDA:3,__param
FNDA:3,__awaiter
FNDA:7,adopt
FNDA:7,fulfilled
FNDA:0,rejected
FNDA:9,step
FNDA:3,__generator
FNDA:7,sent
FNDA:0,g.<computed>
FNDA:9,verb
FNDA:10,step
FNDA:2,__importDefault
FNDA:3,SendForgotPasswordEmailService
FNDA:3,SendForgotPasswordEmailService.execute
DA:1,1
DA:2,1
DA:3,1
DA:4,1
DA:5,1
DA:6,1
DA:7,1
DA:8,1
DA:9,1
DA:10,1
DA:11,1
DA:12,1
DA:13,1
DA:14,1
DA:15,1
DA:16,3
DA:17,3
DA:18,3
DA:19,3
DA:20,3
DA:21,3
DA:22,3
DA:23,3
DA:24,3
DA:25,1
DA:26,1
DA:27,3
DA:28,3
DA:29,3
DA:30,1
DA:31,1
DA:32,2
DA:33,2
DA:34,3
DA:35,3
DA:36,3
DA:37,3
DA:38,3
DA:39,3
DA:40,3
DA:41,3
DA:42,3
DA:43,3
DA:44,3
DA:45,3
DA:46,3
DA:47,3
DA:48,3
DA:49,3
DA:50,3
DA:51,3
DA:52,3
DA:53,3
DA:54,3
DA:55,3
DA:56,3
DA:57,1
DA:58,1
DA:59,1
LF:59
LH:59
BRDA:59,0,0,1
BRDA:59,1,0,1
BRDA:59,2,0,0
BRDA:59,3,0,0
BRDA:59,4,0,0
BRDA:59,5,0,0
BRDA:59,6,0,1
BRDA:59,7,0,3
BRDA:59,8,0,3
BRDA:59,9,0,3
BRDA:59,10,0,7
BRDA:59,11,0,0
BRDA:59,12,0,3
BRDA:59,13,0,7
BRDA:59,14,0,6
BRDA:59,15,0,1
BRDA:59,16,0,9
BRDA:59,17,0,2
BRDA:59,18,0,7
BRDA:59,19,0,3
BRDA:59,20,0,7
BRDA:59,21,0,0
BRDA:59,22,0,9
BRDA:59,23,0,10
BRDA:59,24,0,10
BRDA:59,25,0,0
BRDA:59,26,0,20
BRDA:59,27,0,0
BRDA:59,28,0,0
BRDA:59,29,0,0
BRDA:59,30,0,0
BRDA:59,31,0,10
BRDA:59,32,0,10
BRDA:59,33,0,7
BRDA:59,34,0,0
BRDA:59,35,0,0
BRDA:59,36,0,3
BRDA:59,37,0,0
BRDA:59,38,0,2
BRDA:59,39,0,0
BRDA:59,40,0,0
BRDA:59,41,0,0
BRDA:59,42,0,0
BRDA:59,43,0,10
BRDA:59,44,0,9
BRDA:59,45,0,1
BRDA:59,46,0,10
BRDA:59,47,0,3
BRDA:59,48,0,1
BRDA:59,49,0,2
BRDA:59,50,0,0
BRDA:59,51,0,2
BRDA:59,52,0,1
BRDA:59,53,0,1
BRDA:14,54,0,1
BRDA:15,55,0,3
BRDA:26,56,0,3
BRDA:59,57,0,3
BRDA:59,58,0,10
BRDA:27,59,0,3
BRDA:59,60,0,3
BRDA:29,61,0,1
BRDA:31,62,0,2
BRDA:59,63,0,2
BRDA:59,64,0,2
BRF:65
BRH:46
end_of_record
TN:
SF:src\modules\users\services\ShowProfileService.ts
FN:27,__decorate
FN:27,__metadata
FN:27,__param
FN:27,__awaiter
FN:27,adopt
FN:27,fulfilled
FN:27,rejected
FN:27,step
FN:27,__generator
FN:27,sent
FN:27,g.<computed>
FN:27,verb
FN:27,step
FN:27,__importDefault
FN:12,ShowProfileService
FN:17,ShowProfileService.execute
FNF:16
FNH:14
FNDA:1,__decorate
FNDA:1,__metadata
FNDA:1,__param
FNDA:2,__awaiter
FNDA:2,adopt
FNDA:2,fulfilled
FNDA:0,rejected
FNDA:3,step
FNDA:2,__generator
FNDA:2,sent
FNDA:0,g.<computed>
FNDA:6,verb
FNDA:4,step
FNDA:1,__importDefault
FNDA:2,ShowProfileService
FNDA:2,ShowProfileService.execute
DA:1,1
DA:2,1
DA:3,1
DA:4,1
DA:5,1
DA:6,1
DA:7,1
DA:8,1
DA:9,1
DA:10,1
DA:11,1
DA:12,1
DA:13,2
DA:14,2
DA:15,2
DA:16,1
DA:17,1
DA:18,2
DA:19,2
DA:20,1
DA:21,1
DA:22,1
DA:23,1
DA:24,2
DA:25,1
DA:26,1
DA:27,1
LF:27
LH:27
BRDA:27,0,0,1
BRDA:27,1,0,1
BRDA:27,2,0,0
BRDA:27,3,0,0
BRDA:27,4,0,0
BRDA:27,5,0,0
BRDA:27,6,0,1
BRDA:27,7,0,1
BRDA:27,8,0,1
BRDA:27,9,0,2
BRDA:27,10,0,2
BRDA:27,11,0,0
BRDA:27,12,0,2
BRDA:27,13,0,2
BRDA:27,14,0,1
BRDA:27,15,0,3
BRDA:27,16,0,1
BRDA:27,17,0,2
BRDA:27,18,0,2
BRDA:27,19,0,2
BRDA:27,20,0,0
BRDA:27,21,0,6
BRDA:27,22,0,4
BRDA:27,23,0,4
BRDA:27,24,0,0
BRDA:27,25,0,8
BRDA:27,26,0,0
BRDA:27,27,0,0
BRDA:27,28,0,0
BRDA:27,29,0,0
BRDA:27,30,0,4
BRDA:27,31,0,4
BRDA:27,32,0,2
BRDA:27,33,0,0
BRDA:27,34,0,0
BRDA:27,35,0,2
BRDA:27,36,0,0
BRDA:27,37,0,1
BRDA:27,38,0,0
BRDA:27,39,0,0
BRDA:27,40,0,0
BRDA:27,41,0,0
BRDA:27,42,0,4
BRDA:27,43,0,3
BRDA:27,44,0,1
BRDA:27,45,0,4
BRDA:27,46,0,2
BRDA:27,47,0,1
BRDA:27,48,0,0
BRDA:27,49,0,1
BRDA:27,50,0,0
BRDA:11,51,0,1
BRDA:12,52,0,2
BRDA:17,53,0,2
BRDA:27,54,0,2
BRDA:27,55,0,4
BRDA:18,56,0,2
BRDA:27,57,0,2
BRDA:19,58,0,1
BRF:59
BRH:39
end_of_record
TN:
SF:src\modules\users\services\UpdateProfileService.ts
FN:66,__decorate
FN:66,__metadata
FN:66,__param
FN:66,__awaiter
FN:66,adopt
FN:66,fulfilled
FN:66,rejected
FN:66,step
FN:66,__generator
FN:66,sent
FN:66,g.<computed>
FN:66,verb
FN:66,step
FN:66,__importDefault
FN:17,UpdateProfileService
FN:25,UpdateProfileService.execute
FNF:16
FNH:14
FNDA:1,__decorate
FNDA:1,__metadata
FNDA:2,__param
FNDA:6,__awaiter
FNDA:11,adopt
FNDA:11,fulfilled
FNDA:0,rejected
FNDA:13,step
FNDA:6,__generator
FNDA:11,sent
FNDA:0,g.<computed>
FNDA:18,verb
FNDA:17,step
FNDA:1,__importDefault
FNDA:6,UpdateProfileService
FNDA:6,UpdateProfileService.execute
DA:1,1
DA:2,1
DA:3,1
DA:4,1
DA:5,1
DA:6,1
DA:7,1
DA:8,1
DA:9,1
DA:10,1
DA:11,1
DA:12,1
DA:13,1
DA:14,1
DA:15,1
DA:16,1
DA:17,1
DA:18,6
DA:19,6
DA:20,6
DA:21,6
DA:22,6
DA:23,6
DA:24,1
DA:25,1
DA:26,6
DA:27,6
DA:28,6
DA:29,6
DA:30,6
DA:31,6
DA:32,6
DA:33,1
DA:34,1
DA:35,5
DA:36,5
DA:37,6
DA:38,1
DA:39,1
DA:40,4
DA:41,6
DA:42,2
DA:43,2
DA:44,2
DA:45,2
DA:46,6
DA:47,6
DA:48,1
DA:49,1
DA:50,1
DA:51,1
DA:52,6
DA:53,6
DA:54,6
DA:55,6
DA:56,1
DA:57,1
DA:58,2
DA:59,2
DA:60,2
DA:61,2
DA:62,2
DA:63,6
DA:64,1
DA:65,1
DA:66,1
LF:66
LH:66
BRDA:66,0,0,1
BRDA:66,1,0,1
BRDA:66,2,0,0
BRDA:66,3,0,0
BRDA:66,4,0,0
BRDA:66,5,0,0
BRDA:66,6,0,1
BRDA:66,7,0,2
BRDA:66,8,0,2
BRDA:66,9,0,6
BRDA:66,10,0,11
BRDA:66,11,0,0
BRDA:66,12,0,6
BRDA:66,13,0,11
BRDA:66,14,0,8
BRDA:66,15,0,3
BRDA:66,16,0,13
BRDA:66,17,0,2
BRDA:66,18,0,11
BRDA:66,19,0,6
BRDA:66,20,0,11
BRDA:66,21,0,0
BRDA:66,22,0,18
BRDA:66,23,0,17
BRDA:66,24,0,17
BRDA:66,25,0,0
BRDA:66,26,0,36
BRDA:66,27,0,0
BRDA:66,28,0,0
BRDA:66,29,0,0
BRDA:66,30,0,0
BRDA:66,31,0,17
BRDA:66,32,0,17
BRDA:66,33,0,11
BRDA:66,34,0,0
BRDA:66,35,0,0
BRDA:66,36,0,8
BRDA:66,37,0,0
BRDA:66,38,0,4
BRDA:66,39,0,6
BRDA:66,40,0,2
BRDA:66,41,0,0
BRDA:66,42,0,2
BRDA:66,43,0,0
BRDA:66,44,0,0
BRDA:66,45,0,0
BRDA:66,46,0,19
BRDA:66,47,0,15
BRDA:66,48,0,4
BRDA:66,49,0,19
BRDA:66,50,0,6
BRDA:66,51,0,4
BRDA:66,52,0,2
BRDA:66,53,0,0
BRDA:66,54,0,1
BRDA:66,55,0,0
BRDA:16,56,0,1
BRDA:17,57,0,6
BRDA:25,58,0,6
BRDA:66,59,0,6
BRDA:66,60,0,19
BRDA:66,61,0,6
BRDA:32,62,0,3
BRDA:32,63,0,1
BRDA:34,64,0,5
BRDA:66,65,0,5
BRDA:37,66,0,1
BRDA:39,67,0,4
BRDA:41,68,0,2
BRDA:41,69,0,2
BRDA:66,70,0,2
BRDA:47,71,0,1
BRDA:66,72,0,1
BRDA:54,73,0,3
BRDA:66,74,0,3
BRDA:55,75,0,2
BRDA:55,76,0,1
BRDA:57,77,0,2
BRF:78
BRH:58
end_of_record
TN:
SF:src\modules\users\services\UpdateUserAvatarService.ts
FN:46,__decorate
FN:46,__metadata
FN:46,__param
FN:46,__awaiter
FN:46,adopt
FN:46,fulfilled
FN:46,rejected
FN:46,step
FN:46,__generator
FN:46,sent
FN:46,g.<computed>
FN:46,verb
FN:46,step
FN:46,__importDefault
FN:14,UpdateUserAvatarService
FN:22,UpdateUserAvatarService.execute
FNF:16
FNH:14
FNDA:1,__decorate
FNDA:1,__metadata
FNDA:2,__param
FNDA:4,__awaiter
FNDA:11,adopt
FNDA:11,fulfilled
FNDA:0,rejected
FNDA:14,step
FNDA:4,__generator
FNDA:11,sent
FNDA:0,g.<computed>
FNDA:12,verb
FNDA:15,step
FNDA:1,__importDefault
FNDA:3,UpdateUserAvatarService
FNDA:4,UpdateUserAvatarService.execute
DA:1,1
DA:2,1
DA:3,1
DA:4,1
DA:5,1
DA:6,1
DA:7,1
DA:8,1
DA:9,1
DA:10,1
DA:11,1
DA:12,1
DA:13,1
DA:14,1
DA:15,3
DA:16,3
DA:17,3
DA:18,3
DA:19,3
DA:20,3
DA:21,1
DA:22,1
DA:23,4
DA:24,4
DA:25,4
DA:26,1
DA:27,1
DA:28,1
DA:29,1
DA:30,1
DA:31,3
DA:32,3
DA:33,1
DA:34,4
DA:35,4
DA:36,4
DA:37,4
DA:38,4
DA:39,4
DA:40,4
DA:41,4
DA:42,4
DA:43,4
DA:44,1
DA:45,1
DA:46,1
LF:46
LH:46
BRDA:46,0,0,1
BRDA:46,1,0,1
BRDA:46,2,0,0
BRDA:46,3,0,0
BRDA:46,4,0,0
BRDA:46,5,0,0
BRDA:46,6,0,1
BRDA:46,7,0,2
BRDA:46,8,0,2
BRDA:46,9,0,4
BRDA:46,10,0,11
BRDA:46,11,0,0
BRDA:46,12,0,4
BRDA:46,13,0,11
BRDA:46,14,0,10
BRDA:46,15,0,1
BRDA:46,16,0,14
BRDA:46,17,0,3
BRDA:46,18,0,11
BRDA:46,19,0,4
BRDA:46,20,0,11
BRDA:46,21,0,0
BRDA:46,22,0,12
BRDA:46,23,0,15
BRDA:46,24,0,15
BRDA:46,25,0,0
BRDA:46,26,0,32
BRDA:46,27,0,0
BRDA:46,28,0,0
BRDA:46,29,0,0
BRDA:46,30,0,0
BRDA:46,31,0,15
BRDA:46,32,0,15
BRDA:46,33,0,11
BRDA:46,34,0,0
BRDA:46,35,0,0
BRDA:46,36,0,6
BRDA:46,37,0,0
BRDA:46,38,0,5
BRDA:46,39,0,4
BRDA:46,40,0,2
BRDA:46,41,0,0
BRDA:46,42,0,2
BRDA:46,43,0,0
BRDA:46,44,0,0
BRDA:46,45,0,0
BRDA:46,46,0,17
BRDA:46,47,0,16
BRDA:46,48,0,1
BRDA:46,49,0,17
BRDA:46,50,0,4
BRDA:46,51,0,1
BRDA:46,52,0,3
BRDA:46,53,0,0
BRDA:46,54,0,1
BRDA:46,55,0,0
BRDA:13,56,0,1
BRDA:14,57,0,3
BRDA:22,58,0,4
BRDA:46,59,0,4
BRDA:46,60,0,17
BRDA:23,61,0,4
BRDA:46,62,0,4
BRDA:25,63,0,1
BRDA:30,64,0,3
BRDA:32,65,0,2
BRDA:32,66,0,1
BRDA:46,67,0,1
BRDA:36,68,0,3
BRDA:46,69,0,3
BRDA:46,70,0,3
BRF:71
BRH:51
end_of_record
